  blk_prediction.c
  config_common.c
  img_io.c
  img_process.c
  input.c
  io_raw.c
  io_tiff.c
  mbuffer_common.c
  memalloc.c
  mv_prediction.c
  nalucommon.c
  parsetcommon.c
  transform.c
  win32.c
  annexb.c
  biaridecod.c
  block.c
  cabac.c
  configfile.c
  context_ini.c
  decoder_test.c
  dec_statistics.c
  erc_api.c
  erc_do_i.c
  erc_do_p.c
  errorconcealment.c
  filehandle.c
  fmo.c
  header.c
  image.c
  intra16x16_pred.c
  intra16x16_pred_mbaff.c
  intra16x16_pred_normal.c
  intra4x4_pred.c
  intra4x4_pred_mbaff.c
  intra4x4_pred_normal.c
  intra8x8_pred.c
  intra8x8_pred_mbaff.c
  intra8x8_pred_normal.c
  intra_chroma_pred.c
  intra_chroma_pred_mbaff.c
  intra_pred_common.c
  ldecod.c
  leaky_bucket.c
  loopFilter.c
  loop_filter_mbaff.c
  loop_filter_normal.c
  macroblock.c
  mbuffer.c
  mbuffer_mvc.c
  mb_access.c
  mb_prediction.c
  mb_read.c
  mc_direct.c
  mc_prediction.c
  nal.c
  nalu.c
  output.c
  parset.c
  quant.c
  read_comp_cabac.c
  read_comp_cavlc.c
  rtp.c
  sei.c
  transform8x8.c
  vlc.c
  ldecod_vc11.vcxproj -> C:\Users\maxiy\Downloads\JM\.\bin\ldecod.exe
  ldecod_vc11.vcxproj -> .\ldecod/Debug_Win32_vc11/ldecod.pdb (Full PDB)
